#
# There is insufficient memory for the Java Runtime Environment to continue.
# Native memory allocation (mmap) failed to map 98566144 bytes for G1 virtual space
# Possible reasons:
#   The system is out of physical RAM or swap space
#   The process is running with CompressedOops enabled, and the Java Heap may be blocking the growth of the native heap
# Possible solutions:
#   Reduce memory load on the system
#   Increase physical memory or swap space
#   Check if swap backing store is full
#   Decrease Java heap size (-Xmx/-Xms)
#   Decrease number of Java threads
#   Decrease Java thread stack sizes (-Xss)
#   Set larger code cache with -XX:ReservedCodeCacheSize=
#   JVM is running with Unscaled Compressed Oops mode in which the Java heap is
#     placed in the first 4GB address space. The Java Heap base address is the
#     maximum limit for the native heap growth. Please use -XX:HeapBaseMinAddress
#     to set the Java Heap base and to place the Java Heap above 4GB virtual address.
# This output file may be truncated or incomplete.
#
#  Out of Memory Error (os_windows.cpp:3532), pid=6628, tid=6276
#
# JRE version:  (17.0.2+8) (build )
# Java VM: Java HotSpot(TM) 64-Bit Server VM (17.0.2+8-LTS-86, mixed mode, sharing, tiered, compressed oops, compressed class ptrs, g1 gc, windows-amd64)
# No core dump will be written. Minidumps are not enabled by default on client versions of Windows
#

---------------  S U M M A R Y ------------

Command Line: -Dfile.encoding=Cp1252 -XX:+ShowCodeDetailsInExceptionMessages javaTest.Test

Host: Intel(R) Core(TM) i7 CPU       L 640  @ 2.13GHz, 4 cores, 5G,  Windows 11 , 64 bit Build 22000 (10.0.22000.282)
Time: Sat May 28 20:30:52 2022 Mountain Daylight Time elapsed time: 0.014131 seconds (0d 0h 0m 0s)

---------------  T H R E A D  ---------------

Current thread (0x0000029ca058c480):  JavaThread "Unknown thread" [_thread_in_vm, id=6276, stack(0x000000e1d9900000,0x000000e1d9a00000)]

Stack: [0x000000e1d9900000,0x000000e1d9a00000]
Native frames: (J=compiled Java code, j=interpreted, Vv=VM code, C=native code)
V  [jvm.dll+0x670baa]
V  [jvm.dll+0x7cfcb4]
V  [jvm.dll+0x7d145e]
V  [jvm.dll+0x7d1ac3]
V  [jvm.dll+0x242bc5]
V  [jvm.dll+0x66dac9]
V  [jvm.dll+0x662412]
V  [jvm.dll+0x300c0b]
V  [jvm.dll+0x3081a6]
V  [jvm.dll+0x357d0e]
V  [jvm.dll+0x357f3f]
V  [jvm.dll+0x2d7ec8]
V  [jvm.dll+0x2d8e34]
V  [jvm.dll+0x7a18c1]
V  [jvm.dll+0x365a91]
V  [jvm.dll+0x780d2c]
V  [jvm.dll+0x3e845f]
V  [jvm.dll+0x3e9f01]
C  [jli.dll+0x527b]
C  [ucrtbase.dll+0x26c0c]
C  [KERNEL32.DLL+0x154e0]
C  [ntdll.dll+0x485b]


---------------  P R O C E S S  ---------------

Threads class SMR info:
_java_thread_list=0x00007fffd61a9858, length=0, elements={
}

Java Threads: ( => current thread )

Other Threads:
  0x0000029ca05c1940 GCTaskThread "GC Thread#0" [stack: 0x000000e1d9a00000,0x000000e1d9b00000] [id=6548]
  0x0000029ca05ce9a0 ConcurrentGCThread "G1 Main Marker" [stack: 0x000000e1d9b00000,0x000000e1d9c00000] [id=5576]
  0x0000029ca05cf3b0 ConcurrentGCThread "G1 Conc#0" [stack: 0x000000e1d9c00000,0x000000e1d9d00000] [id=4012]

[error occurred during error reporting (printing all threads), id 0xc0000005, EXCEPTION_ACCESS_VIOLATION (0xc0000005) at pc=0x00007fffd59f88a7]

VM state: not at safepoint (not fully initialized)

VM Mutex/Monitor currently owned by a thread:  ([mutex/lock_event])
[0x0000029ca0589290] Heap_lock - owner thread: 0x0000029ca058c480

Heap address: 0x00000000a3400000, size: 1484 MB, Compressed Oops mode: 32-bit

CDS archive(s) mapped at: [0x0000000000000000-0x0000000000000000-0x0000000000000000), size 0, SharedBaseAddress: 0x0000000800000000, ArchiveRelocationMode: 0.
Narrow klass base: 0x0000000000000000, Narrow klass shift: 0, Narrow klass range: 0x0

GC Precious Log:
<Empty>

Heap:
 garbage-first heap   total 0K, used 0K [0x00000000a3400000, 0x0000000100000000)
  region size 1024K, 0 young (0K), 0 survivors (0K)

[error occurred during error reporting (printing heap information), id 0xc0000005, EXCEPTION_ACCESS_VIOLATION (0xc0000005) at pc=0x00007fffd5dd9f19]

GC Heap History (0 events):
No events

Deoptimization events (0 events):
No events

Classes unloaded (0 events):
No events

Classes redefined (0 events):
No events

Internal exceptions (0 events):
No events

VM Operations (0 events):
No events

Events (1 events):
Event: 0.008 Loaded shared library C:\Program Files\Java\jdk-17.0.2\bin\java.dll


Dynamic libraries:
0x00007ff7127c0000 - 0x00007ff7127d0000 	C:\Program Files\Java\jdk-17.0.2\bin\javaw.exe
0x00007ff812620000 - 0x00007ff812827000 	C:\Windows\SYSTEM32\ntdll.dll
0x00007ff811d30000 - 0x00007ff811ded000 	C:\Windows\System32\KERNEL32.DLL
0x00007ff80fb00000 - 0x00007ff80fe74000 	C:\Windows\System32\KERNELBASE.dll
0x00007ff8100d0000 - 0x00007ff8101e1000 	C:\Windows\System32\ucrtbase.dll
0x00007ffff4c40000 - 0x00007ffff4c5a000 	C:\Program Files\Java\jdk-17.0.2\bin\VCRUNTIME140.dll
0x00007ffffede0000 - 0x00007ffffedf8000 	C:\Program Files\Java\jdk-17.0.2\bin\jli.dll
0x00007ff8118b0000 - 0x00007ff81195c000 	C:\Windows\System32\ADVAPI32.dll
0x00007ff811800000 - 0x00007ff8118a3000 	C:\Windows\System32\msvcrt.dll
0x00007ff810950000 - 0x00007ff8109ed000 	C:\Windows\System32\sechost.dll
0x00007ff810b70000 - 0x00007ff810c91000 	C:\Windows\System32\RPCRT4.dll
0x00007ff811570000 - 0x00007ff81171c000 	C:\Windows\System32\USER32.dll
0x00007fffff3a0000 - 0x00007fffff645000 	C:\Windows\WinSxS\amd64_microsoft.windows.common-controls_6595b64144ccf1df_6.0.22000.120_none_9d947278b86cc467\COMCTL32.dll
0x00007ff810290000 - 0x00007ff8102b6000 	C:\Windows\System32\win32u.dll
0x00007ff8104b0000 - 0x00007ff8104d9000 	C:\Windows\System32\GDI32.dll
0x00007ff80fef0000 - 0x00007ff810002000 	C:\Windows\System32\gdi32full.dll
0x00007ff805010000 - 0x00007ff80501a000 	C:\Windows\SYSTEM32\VERSION.dll
0x00007ff8101f0000 - 0x00007ff81028d000 	C:\Windows\System32\msvcp_win.dll
0x00007ff810e30000 - 0x00007ff810e61000 	C:\Windows\System32\IMM32.DLL
0x00007ffffedd0000 - 0x00007ffffeddc000 	C:\Program Files\Java\jdk-17.0.2\bin\vcruntime140_1.dll
0x00007fffd62e0000 - 0x00007fffd636d000 	C:\Program Files\Java\jdk-17.0.2\bin\msvcp140.dll
0x00007fffd5710000 - 0x00007fffd62d1000 	C:\Program Files\Java\jdk-17.0.2\bin\server\jvm.dll
0x00007ff811790000 - 0x00007ff811798000 	C:\Windows\System32\PSAPI.DLL
0x00007ff8089f0000 - 0x00007ff808a23000 	C:\Windows\SYSTEM32\WINMM.dll
0x00007ff80d0b0000 - 0x00007ff80d0b9000 	C:\Windows\SYSTEM32\WSOCK32.dll
0x00007ff811960000 - 0x00007ff8119cf000 	C:\Windows\System32\WS2_32.dll
0x00007ff80ec20000 - 0x00007ff80ec38000 	C:\Windows\SYSTEM32\kernel.appcore.dll
0x00007ffffda60000 - 0x00007ffffda6a000 	C:\Program Files\Java\jdk-17.0.2\bin\jimage.dll
0x00007fffe08c0000 - 0x00007fffe0ae1000 	C:\Windows\SYSTEM32\DBGHELP.DLL
0x00007ffffe280000 - 0x00007ffffe2b1000 	C:\Windows\SYSTEM32\dbgcore.DLL
0x00007ff810430000 - 0x00007ff8104b0000 	C:\Windows\System32\bcryptPrimitives.dll
0x00007ffff3410000 - 0x00007ffff3435000 	C:\Program Files\Java\jdk-17.0.2\bin\java.dll

dbghelp: loaded successfully - version: 4.0.5 - missing functions: none
symbol engine: initialized successfully - sym options: 0x614 - pdb path: .;C:\Program Files\Java\jdk-17.0.2\bin;C:\Windows\SYSTEM32;C:\Windows\WinSxS\amd64_microsoft.windows.common-controls_6595b64144ccf1df_6.0.22000.120_none_9d947278b86cc467;C:\Program Files\Java\jdk-17.0.2\bin\server

VM Arguments:
jvm_args: -Dfile.encoding=Cp1252 -XX:+ShowCodeDetailsInExceptionMessages 
java_command: javaTest.Test
java_class_path (initial): C:\Users\Driss\Videos\test A\out\production\test;C:\Users\Driss\Desktop\jcalendar-1.4.jar;C:\Users\Driss\Desktop\rs2xml.jar;C:\Users\Driss\Pictures\mysql-connector-java-8.0.29.jar
Launcher Type: SUN_STANDARD

[Global flags]
     intx CICompilerCount                          = 3                                         {product} {ergonomic}
     uint ConcGCThreads                            = 1                                         {product} {ergonomic}
     uint G1ConcRefinementThreads                  = 4                                         {product} {ergonomic}
   size_t G1HeapRegionSize                         = 1048576                                   {product} {ergonomic}
    uintx GCDrainStackTargetSize                   = 64                                        {product} {ergonomic}
   size_t InitialHeapSize                          = 98566144                                  {product} {ergonomic}
   size_t MarkStackSize                            = 4194304                                   {product} {ergonomic}
   size_t MaxHeapSize                              = 1556086784                                {product} {ergonomic}
   size_t MinHeapDeltaBytes                        = 1048576                                   {product} {ergonomic}
   size_t MinHeapSize                              = 8388608                                   {product} {ergonomic}
    uintx NonNMethodCodeHeapSize                   = 5832780                                {pd product} {ergonomic}
    uintx NonProfiledCodeHeapSize                  = 122912730                              {pd product} {ergonomic}
    uintx ProfiledCodeHeapSize                     = 122912730                              {pd product} {ergonomic}
    uintx ReservedCodeCacheSize                    = 251658240                              {pd product} {ergonomic}
     bool SegmentedCodeCache                       = true                                      {product} {ergonomic}
     bool ShowCodeDetailsInExceptionMessages       = true                                   {manageable} {command line}
   size_t SoftMaxHeapSize                          = 1556086784                             {manageable} {ergonomic}
     bool UseCompressedClassPointers               = true                           {product lp64_product} {ergonomic}
     bool UseCompressedOops                        = true                           {product lp64_product} {ergonomic}
     bool UseG1GC                                  = true                                      {product} {ergonomic}
     bool UseLargePagesIndividualAllocation        = false                                  {pd product} {ergonomic}

Logging:
Log output configuration:
 #0: stdout all=warning uptime,level,tags
 #1: stderr all=off uptime,level,tags

Environment Variables:
PATH=C:/Users/Driss/.p2/pool/plugins/org.eclipse.justj.openjdk.hotspot.jre.full.win32.x86_64_17.0.2.v20220201-1208/jre/bin/server;C:/Users/Driss/.p2/pool/plugins/org.eclipse.justj.openjdk.hotspot.jre.full.win32.x86_64_17.0.2.v20220201-1208/jre/bin;C:\Windows\system32;C:\Windows;C:\Windows\System32\Wbem;C:\Windows\System32\WindowsPowerShell\v1.0\;C:\Windows\System32\OpenSSH\;C:\Program Files\Java\jdk-17.0.2\bin;C:\Program Files\MySQL\bin;C:\Users\Driss\AppData\Local\Microsoft\WindowsApps;C:\Users\Driss\AppData\Local\GitHubDesktop\bin;C:\Users\Driss\Desktop;
USERNAME=Driss
OS=Windows_NT
PROCESSOR_IDENTIFIER=Intel64 Family 6 Model 37 Stepping 5, GenuineIntel



---------------  S Y S T E M  ---------------

OS:
 Windows 11 , 64 bit Build 22000 (10.0.22000.282)
OS uptime: 0 days 3:44 hours

CPU: total 4 (initial active 4) (2 cores per cpu, 2 threads per core) family 6 model 37 stepping 5 microcode 0x7, cx8, cmov, fxsr, ht, mmx, sse, sse2, sse3, ssse3, sse4.1, sse4.2, popcnt, tsc, tscinvbit, aes, clmul, clflush

Memory: 4k page, system-wide physical 5935M (1289M free)
TotalPageFile size 5935M (AvailPageFile size 6M)
current process WorkingSet (physical memory assigned to process): 10M, peak: 10M
current process commit charge ("private bytes"): 51M, peak: 145M

vm_info: Java HotSpot(TM) 64-Bit Server VM (17.0.2+8-LTS-86) for windows-amd64 JRE (17.0.2+8-LTS-86), built on Dec  7 2021 21:51:03 by "mach5one" with MS VC++ 16.8 / 16.9 (VS2019)

END.
